Arguments: 
  /home/anthony/.nvm/versions/node/v16.8.0/bin/node /home/anthony/.nvm/versions/node/v16.8.0/bin/yarn install

PATH: 
  /home/anthony/.deno/bin:/home/anthony/.nvm/versions/node/v16.8.0/bin:/home/anthony/.cargo/bin:/usr/local/bin:/usr/bin:/bin:/usr/local/games:/usr/games:info If you think this is a bug, please open a bug report with the information provided in "/home/work/projects/lib_hctoolkit/src/application/vscode_client/yarn-error.log".
  info Visit https://yarnpkg.com/en/docs/cli/global for documentation about this command.:/home/work/scripts:/home/work/sources/postman

Yarn version: 
  1.22.18

Node version: 
  16.8.0

Platform: 
  linux x64

Trace: 
  SyntaxError: /home/work/projects/lib_hctoolkit/src/application/vscode_client/package.json: Unexpected token } in JSON at position 1015
      at JSON.parse (<anonymous>)
      at /home/anthony/.nvm/versions/node/v16.8.0/lib/node_modules/yarn/lib/cli.js:1625:59
      at Generator.next (<anonymous>)
      at step (/home/anthony/.nvm/versions/node/v16.8.0/lib/node_modules/yarn/lib/cli.js:310:30)
      at /home/anthony/.nvm/versions/node/v16.8.0/lib/node_modules/yarn/lib/cli.js:321:13

npm manifest: 
  {
      "name": "vscode-hclc",
      "activationEvents": [
          "onLanguage:Hydrocarbon Grammar"
      ],
      "engines": {
          "vscode": "^1.52.0"
      },
      "dependencies": {
          "vscode-languageclient": "^8.0.2"
      },
      "configuration": {
          "type": "object",
          "title": "Basic Configuration",
          "properties": {
              "languageServerExample.maxNumberOfProblems": {
                  "scope": "resource",
                  "type": "number",
                  "default": 10,
                  "description": "Controls the maximum number of problems produced by the server."
              }
          }
      },
      "main": "./build/extension",
      "devDependencies": {
          "@types/node": "^16.11.7",
          "@types/vscode": "1.67.0",
          "typescript": "^4.7.2"
      },
      "scripts": {
          "vscode:prepublish": "npm run compile",
          "compile": "tsc -b",
          "watch": "tsc -b -w",
          "postinstall": "cd client && npm install && cd ../server && npm install && cd .."
      },
  }

yarn manifest: 
  No manifest

Lockfile: 
  # THIS IS AN AUTOGENERATED FILE. DO NOT EDIT THIS FILE DIRECTLY.
  # yarn lockfile v1
  
  
  "@types/node@^16.11.7":
    version "16.11.38"
    resolved "https://registry.yarnpkg.com/@types/node/-/node-16.11.38.tgz#be0edd097b23eace6c471c525a74b3f98803017f"
    integrity sha512-hjO/0K140An3GWDw2HJfq7gko3wWeznbjXgg+rzPdVzhe198hp4x2i1dgveAOEiFKd8sOilAxzoSJiVv5P/CUg==
  
  balanced-match@^1.0.0:
    version "1.0.2"
    resolved "https://registry.yarnpkg.com/balanced-match/-/balanced-match-1.0.2.tgz#e83e3a7e3f300b34cb9d87f615fa0cbf357690ee"
    integrity sha512-3oSeUO0TMV67hN1AmbXsK4yaqU7tjiHlbxRDZOpH0KW9+CeX4bRAaX0Anxt0tx2MrpRpWwQaPwIlISEJhYU5Pw==
  
  brace-expansion@^1.1.7:
    version "1.1.11"
    resolved "https://registry.yarnpkg.com/brace-expansion/-/brace-expansion-1.1.11.tgz#3c7fcbf529d87226f3d2f52b966ff5271eb441dd"
    integrity sha512-iCuPHDFgrHX7H2vEI/5xpz07zSHB00TpugqhmYtVmMO6518mCuRMoOYFldEBl0g187ufozdaHgWKcYFb61qGiA==
    dependencies:
      balanced-match "^1.0.0"
      concat-map "0.0.1"
  
  concat-map@0.0.1:
    version "0.0.1"
    resolved "https://registry.yarnpkg.com/concat-map/-/concat-map-0.0.1.tgz#d8a96bd77fd68df7793a73036a3ba0d5405d477b"
    integrity sha512-/Srv4dswyQNBfohGpz9o6Yb3Gz3SrUDqBH5rTuhGR7ahtlbYKnVxw2bCFMRljaA7EXHaXZ8wsHdodFvbkhKmqg==
  
  lru-cache@^6.0.0:
    version "6.0.0"
    resolved "https://registry.yarnpkg.com/lru-cache/-/lru-cache-6.0.0.tgz#6d6fe6570ebd96aaf90fcad1dafa3b2566db3a94"
    integrity sha512-Jo6dJ04CmSjuznwJSS3pUeWmd/H0ffTlkXXgwZi+eq1UCmqQwCh+eLsYOYCwY991i2Fah4h1BEMCx4qThGbsiA==
    dependencies:
      yallist "^4.0.0"
  
  minimatch@^3.0.4:
    version "3.1.2"
    resolved "https://registry.yarnpkg.com/minimatch/-/minimatch-3.1.2.tgz#19cd194bfd3e428f049a70817c038d89ab4be35b"
    integrity sha512-J7p63hRiAjw1NDEww1W7i37+ByIrOWO5XQQAzZ3VOcL0PNybwpfmV/N05zFAzwQ9USyEcX6t3UO+K5aqBQOIHw==
    dependencies:
      brace-expansion "^1.1.7"
  
  semver@^7.3.5:
    version "7.3.7"
    resolved "https://registry.yarnpkg.com/semver/-/semver-7.3.7.tgz#12c5b649afdbf9049707796e22a4028814ce523f"
    integrity sha512-QlYTucUYOews+WeEujDoEGziz4K6c47V/Bd+LjSSYcA94p+DmINdf7ncaUinThfvZyu13lN9OY1XDxt8C0Tw0g==
    dependencies:
      lru-cache "^6.0.0"
  
  typescript@^4.7.2:
    version "4.7.3"
    resolved "https://registry.yarnpkg.com/typescript/-/typescript-4.7.3.tgz#8364b502d5257b540f9de4c40be84c98e23a129d"
    integrity sha512-WOkT3XYvrpXx4vMMqlD+8R8R37fZkjyLGlxavMc4iB8lrl8L0DeTcHbYgw/v0N/z9wAFsgBhcsF0ruoySS22mA==
  
  vscode-jsonrpc@8.0.1:
    version "8.0.1"
    resolved "https://registry.yarnpkg.com/vscode-jsonrpc/-/vscode-jsonrpc-8.0.1.tgz#f30b0625ebafa0fb3bc53e934ca47b706445e57e"
    integrity sha512-N/WKvghIajmEvXpatSzvTvOIz61ZSmOSa4BRA4pTLi+1+jozquQKP/MkaylP9iB68k73Oua1feLQvH3xQuigiQ==
  
  vscode-languageclient@^8.0.2:
    version "8.0.1"
    resolved "https://registry.yarnpkg.com/vscode-languageclient/-/vscode-languageclient-8.0.1.tgz#bf5535c4463a78daeaca0bcb4f5868aec86bb301"
    integrity sha512-9XoE+HJfaWvu7Y75H3VmLo5WLCtsbxEgEhrLPqwt7eyoR49lUIyyrjb98Yfa50JCMqF2cePJAEVI6oe2o1sIhw==
    dependencies:
      minimatch "^3.0.4"
      semver "^7.3.5"
      vscode-languageserver-protocol "3.17.1"
  
  vscode-languageserver-protocol@3.17.1:
    version "3.17.1"
    resolved "https://registry.yarnpkg.com/vscode-languageserver-protocol/-/vscode-languageserver-protocol-3.17.1.tgz#e801762c304f740208b6c804a0cf21f2c87509ed"
    integrity sha512-BNlAYgQoYwlSgDLJhSG+DeA8G1JyECqRzM2YO6tMmMji3Ad9Mw6AW7vnZMti90qlAKb0LqAlJfSVGEdqMMNzKg==
    dependencies:
      vscode-jsonrpc "8.0.1"
      vscode-languageserver-types "3.17.1"
  
  vscode-languageserver-types@3.17.1:
    version "3.17.1"
    resolved "https://registry.yarnpkg.com/vscode-languageserver-types/-/vscode-languageserver-types-3.17.1.tgz#c2d87fa7784f8cac389deb3ff1e2d9a7bef07e16"
    integrity sha512-K3HqVRPElLZVVPtMeKlsyL9aK0GxGQpvtAUTfX4k7+iJ4mc1M+JM+zQwkgGy2LzY0f0IAafe8MKqIkJrxfGGjQ==
  
  yallist@^4.0.0:
    version "4.0.0"
    resolved "https://registry.yarnpkg.com/yallist/-/yallist-4.0.0.tgz#9bb92790d9c0effec63be73519e11a35019a3a72"
    integrity sha512-3wdGidZyq5PB084XLES5TpOSRA3wjXAlIWMhum2kRcv/41Sn2emQ0dycQW4uZXLejwKvg6EsvbdlVL+FYEct7A==
